<?xml version="1.0" encoding="UTF-8"?>
<!-- Generated by org.testng.reporters.JUnitReportReporter -->
<testsuite skipped="0" hostname="L-356003318" name="assertion.demo.AssertionScript" tests="1" failures="0" timestamp="11 Feb 2020 06:22:38 GMT" time="0.028" errors="0">
  <testcase name="test1" time="0.028" classname="assertion.demo.AssertionScript"/>
</testsuite> <!-- assertion.demo.AssertionScript -->
