<?xml version="1.0" encoding="UTF-8"?>
<!-- Generated by org.testng.reporters.JUnitReportReporter -->
<testsuite name="com.learnautomation.testcases.LoginTestCase" tests="2" time="4.857" ignored="0" failures="0" timestamp="08 Mar 2020 19:36:41 GMT" skipped="0" hostname="L-356003318" errors="0">
  <testcase name="logoutApp" time="1.553" classname="com.learnautomation.testcases.LoginTestCase"/>
  <testcase name="loginApp" time="3.304" classname="com.learnautomation.testcases.LoginTestCase"/>
</testsuite> <!-- com.learnautomation.testcases.LoginTestCase -->
